Message: [object Object]
Source: http://gesource.mmi.bemobile.ua/cm/3.5.10/cm.html
Line: 44
-----------------------
Message: new UUID
Source: http://gesource.mmi.bemobile.ua/cm/3.5.10/cm.html
Line: 65
-----------------------
Message: Google Maps API warning: SensorNotRequired https://developers.google.com/maps/documentation/javascript/error-messages#sensor-not-required
Source: https://maps.googleapis.com/maps-api-v3/api/js/24/0/util.js
Line: 22
-----------------------
Message: Mixed Content: The page at 'https://www.google.ge/?gws_rd=cr,ssl&ei=d5ziVoXcHIid6ASc3ZXQDA#q=asdfsd' was loaded over HTTPS, but requested an insecure image 'http://img.youtube.com/vi/zGSZ23_sqKg/default.jpg'. This content should also be served over HTTPS.
Source: https://www.google.ge/?gws_rd=cr,ssl&ei=d5ziVoXcHIid6ASc3ZXQDA#q=asdfsd
Line: 0
-----------------------
Message: Mixed Content: The page at 'https://www.google.ge/search?q=uygu&biw=800&bih=561&tbm=isch&imgil=HiQcobIJ-thLVM%253A%253BZlSULo2Ka3cVhM%253Bhttp%25253A%25252F%25252Fwww.zimbio.com%25252Fpictures%25252FX2CHilV45qj%25252FJoanna%2525252BKrupa%2525252BRelaxes%2525252BPool%25252FOBpvUyguXSM%25252FJoanna%2525252BKrupa&source=iu&pf=m&fir=HiQcobIJ-thLVM%253A%252CZlSULo2Ka3cVhM%252C_&usg=__WoP6H4-rpLu_G7HmaSo6Uhq4e3I%3D&ved=0ahUKEwi4momn27jLAhVKEywKHZ_CCWMQyjcINQ&ei=osTiVrjBBcqmsAGfhaeYBg#imgrc=HiQcobIJ-thLVM%3A' was loaded over HTTPS, but requested an insecure image 'http://www3.pictures.zimbio.com/pc/Joanna+Krupa+wears+red+animal+print+bikini+OBpvUyguXSMl.jpg'. This content should also be served over HTTPS.
Source: https://www.google.ge/search?q=uygu&biw=800&bih=561&tbm=isch&imgil=HiQcobIJ-thLVM%253A%253BZlSULo2Ka3cVhM%253Bhttp%25253A%25252F%25252Fwww.zimbio.com%25252Fpictures%25252FX2CHilV45qj%25252FJoanna%2525252BKrupa%2525252BRelaxes%2525252BPool%25252FOBpvUyguXSM%25252FJoanna%2525252BKrupa&source=iu&pf=m&fir=HiQcobIJ-thLVM%253A%252CZlSULo2Ka3cVhM%252C_&usg=__WoP6H4-rpLu_G7HmaSo6Uhq4e3I%3D&ved=0ahUKEwi4momn27jLAhVKEywKHZ_CCWMQyjcINQ&ei=osTiVrjBBcqmsAGfhaeYBg#imgrc=HiQcobIJ-thLVM%3A
Line: 0
-----------------------
Message: Mixed Content: The page at 'https://www.google.ge/search?q=uygu&biw=800&bih=561&tbm=isch&imgil=HiQcobIJ-thLVM%253A%253BZlSULo2Ka3cVhM%253Bhttp%25253A%25252F%25252Fwww.zimbio.com%25252Fpictures%25252FX2CHilV45qj%25252FJoanna%2525252BKrupa%2525252BRelaxes%2525252BPool%25252FOBpvUyguXSM%25252FJoanna%2525252BKrupa&source=iu&pf=m&fir=HiQcobIJ-thLVM%253A%252CZlSULo2Ka3cVhM%252C_&usg=__WoP6H4-rpLu_G7HmaSo6Uhq4e3I%3D&ved=0ahUKEwi4momn27jLAhVKEywKHZ_CCWMQyjcINQ&ei=osTiVrjBBcqmsAGfhaeYBg#imgrc=HiQcobIJ-thLVM%3A' was loaded over HTTPS, but requested an insecure image 'http://www.wtnphotos.com/data/3197/uygu.jpg'. This content should also be served over HTTPS.
Source: https://www.google.ge/search?q=uygu&biw=800&bih=561&tbm=isch&imgil=HiQcobIJ-thLVM%253A%253BZlSULo2Ka3cVhM%253Bhttp%25253A%25252F%25252Fwww.zimbio.com%25252Fpictures%25252FX2CHilV45qj%25252FJoanna%2525252BKrupa%2525252BRelaxes%2525252BPool%25252FOBpvUyguXSM%25252FJoanna%2525252BKrupa&source=iu&pf=m&fir=HiQcobIJ-thLVM%253A%252CZlSULo2Ka3cVhM%252C_&usg=__WoP6H4-rpLu_G7HmaSo6Uhq4e3I%3D&ved=0ahUKEwi4momn27jLAhVKEywKHZ_CCWMQyjcINQ&ei=osTiVrjBBcqmsAGfhaeYBg#imgrc=HiQcobIJ-thLVM%3A
Line: 0
-----------------------
Message: Mixed Content: The page at 'https://www.google.ge/search?q=uygu&biw=800&bih=561&tbm=isch&imgil=HiQcobIJ-thLVM%253A%253BZlSULo2Ka3cVhM%253Bhttp%25253A%25252F%25252Fwww.zimbio.com%25252Fpictures%25252FX2CHilV45qj%25252FJoanna%2525252BKrupa%2525252BRelaxes%2525252BPool%25252FOBpvUyguXSM%25252FJoanna%2525252BKrupa&source=iu&pf=m&fir=HiQcobIJ-thLVM%253A%252CZlSULo2Ka3cVhM%252C_&usg=__WoP6H4-rpLu_G7HmaSo6Uhq4e3I%3D&ved=0ahUKEwi4momn27jLAhVKEywKHZ_CCWMQyjcINQ&ei=osTiVrjBBcqmsAGfhaeYBg#imgdii=HiQcobIJ-thLVM%3A%3BHiQcobIJ-thLVM%3A%3B14-AkPcBuKkZtM%3A&imgrc=HiQcobIJ-thLVM%3A' was loaded over HTTPS, but requested an insecure image 'http://www2.pictures.zimbio.com/pc/Joanna+Krupa+Joanna+Krupa+Relaxes+Pool+U3NU9YuF8Pnl.jpg'. This content should also be served over HTTPS.
Source: https://www.google.ge/search?q=uygu&biw=800&bih=561&tbm=isch&imgil=HiQcobIJ-thLVM%253A%253BZlSULo2Ka3cVhM%253Bhttp%25253A%25252F%25252Fwww.zimbio.com%25252Fpictures%25252FX2CHilV45qj%25252FJoanna%2525252BKrupa%2525252BRelaxes%2525252BPool%25252FOBpvUyguXSM%25252FJoanna%2525252BKrupa&source=iu&pf=m&fir=HiQcobIJ-thLVM%253A%252CZlSULo2Ka3cVhM%252C_&usg=__WoP6H4-rpLu_G7HmaSo6Uhq4e3I%3D&ved=0ahUKEwi4momn27jLAhVKEywKHZ_CCWMQyjcINQ&ei=osTiVrjBBcqmsAGfhaeYBg#imgdii=HiQcobIJ-thLVM%3A%3BHiQcobIJ-thLVM%3A%3B14-AkPcBuKkZtM%3A&imgrc=HiQcobIJ-thLVM%3A
Line: 0
-----------------------
Message: Mixed Content: The page at 'https://www.google.ge/search?q=uygu&biw=800&bih=561&tbm=isch&imgil=HiQcobIJ-thLVM%253A%253BZlSULo2Ka3cVhM%253Bhttp%25253A%25252F%25252Fwww.zimbio.com%25252Fpictures%25252FX2CHilV45qj%25252FJoanna%2525252BKrupa%2525252BRelaxes%2525252BPool%25252FOBpvUyguXSM%25252FJoanna%2525252BKrupa&source=iu&pf=m&fir=HiQcobIJ-thLVM%253A%252CZlSULo2Ka3cVhM%252C_&usg=__WoP6H4-rpLu_G7HmaSo6Uhq4e3I%3D&ved=0ahUKEwi4momn27jLAhVKEywKHZ_CCWMQyjcINQ&ei=osTiVrjBBcqmsAGfhaeYBg#imgdii=HiQcobIJ-thLVM%3A%3BHiQcobIJ-thLVM%3A%3BsXvvd6Z0KOvRkM%3A&imgrc=HiQcobIJ-thLVM%3A' was loaded over HTTPS, but requested an insecure image 'http://www2.pictures.zimbio.com/pc/Joanna+Krupa+Joanna+Krupa+Relaxes+Pool+vsaTFJlgz0gl.jpg'. This content should also be served over HTTPS.
Source: https://www.google.ge/search?q=uygu&biw=800&bih=561&tbm=isch&imgil=HiQcobIJ-thLVM%253A%253BZlSULo2Ka3cVhM%253Bhttp%25253A%25252F%25252Fwww.zimbio.com%25252Fpictures%25252FX2CHilV45qj%25252FJoanna%2525252BKrupa%2525252BRelaxes%2525252BPool%25252FOBpvUyguXSM%25252FJoanna%2525252BKrupa&source=iu&pf=m&fir=HiQcobIJ-thLVM%253A%252CZlSULo2Ka3cVhM%252C_&usg=__WoP6H4-rpLu_G7HmaSo6Uhq4e3I%3D&ved=0ahUKEwi4momn27jLAhVKEywKHZ_CCWMQyjcINQ&ei=osTiVrjBBcqmsAGfhaeYBg#imgdii=HiQcobIJ-thLVM%3A%3BHiQcobIJ-thLVM%3A%3BsXvvd6Z0KOvRkM%3A&imgrc=HiQcobIJ-thLVM%3A
Line: 0
-----------------------
Message: Mixed Content: The page at 'https://www.google.ge/search?q=uygu&biw=800&bih=561&tbm=isch&imgil=HiQcobIJ-thLVM%253A%253BZlSULo2Ka3cVhM%253Bhttp%25253A%25252F%25252Fwww.zimbio.com%25252Fpictures%25252FX2CHilV45qj%25252FJoanna%2525252BKrupa%2525252BRelaxes%2525252BPool%25252FOBpvUyguXSM%25252FJoanna%2525252BKrupa&source=iu&pf=m&fir=HiQcobIJ-thLVM%253A%252CZlSULo2Ka3cVhM%252C_&usg=__WoP6H4-rpLu_G7HmaSo6Uhq4e3I%3D&ved=0ahUKEwi4momn27jLAhVKEywKHZ_CCWMQyjcINQ&ei=osTiVrjBBcqmsAGfhaeYBg#imgdii=HiQcobIJ-thLVM%3A%3BHiQcobIJ-thLVM%3A%3BsXvvd6Z0KOvRkM%3A&imgrc=HiQcobIJ-thLVM%3A' was loaded over HTTPS, but requested an insecure image 'http://www2.pictures.zimbio.com/pc/Joanna+Krupa+Joanna+Krupa+Relaxes+Pool+U3NU9YuF8Pnl.jpg'. This content should also be served over HTTPS.
Source: https://www.google.ge/search?q=uygu&biw=800&bih=561&tbm=isch&imgil=HiQcobIJ-thLVM%253A%253BZlSULo2Ka3cVhM%253Bhttp%25253A%25252F%25252Fwww.zimbio.com%25252Fpictures%25252FX2CHilV45qj%25252FJoanna%2525252BKrupa%2525252BRelaxes%2525252BPool%25252FOBpvUyguXSM%25252FJoanna%2525252BKrupa&source=iu&pf=m&fir=HiQcobIJ-thLVM%253A%252CZlSULo2Ka3cVhM%252C_&usg=__WoP6H4-rpLu_G7HmaSo6Uhq4e3I%3D&ved=0ahUKEwi4momn27jLAhVKEywKHZ_CCWMQyjcINQ&ei=osTiVrjBBcqmsAGfhaeYBg#imgdii=HiQcobIJ-thLVM%3A%3BHiQcobIJ-thLVM%3A%3BsXvvd6Z0KOvRkM%3A&imgrc=HiQcobIJ-thLVM%3A
Line: 0
-----------------------
Message: Mixed Content: The page at 'https://www.google.ge/search?q=uygu&biw=800&bih=561&tbm=isch&imgil=HiQcobIJ-thLVM%253A%253BZlSULo2Ka3cVhM%253Bhttp%25253A%25252F%25252Fwww.zimbio.com%25252Fpictures%25252FX2CHilV45qj%25252FJoanna%2525252BKrupa%2525252BRelaxes%2525252BPool%25252FOBpvUyguXSM%25252FJoanna%2525252BKrupa&source=iu&pf=m&fir=HiQcobIJ-thLVM%253A%252CZlSULo2Ka3cVhM%252C_&usg=__WoP6H4-rpLu_G7HmaSo6Uhq4e3I%3D&ved=0ahUKEwi4momn27jLAhVKEywKHZ_CCWMQyjcINQ&ei=osTiVrjBBcqmsAGfhaeYBg#imgdii=HiQcobIJ-thLVM%3A%3BHiQcobIJ-thLVM%3A%3BZTg1S9QBldQQpM%3A&imgrc=HiQcobIJ-thLVM%3A' was loaded over HTTPS, but requested an insecure image 'http://images.grab-media.com/splash/2013/11/11/5380522e4268a7dc3104fb29f95246b84cb8a42c_preview.jpg'. This content should also be served over HTTPS.
Source: https://www.google.ge/search?q=uygu&biw=800&bih=561&tbm=isch&imgil=HiQcobIJ-thLVM%253A%253BZlSULo2Ka3cVhM%253Bhttp%25253A%25252F%25252Fwww.zimbio.com%25252Fpictures%25252FX2CHilV45qj%25252FJoanna%2525252BKrupa%2525252BRelaxes%2525252BPool%25252FOBpvUyguXSM%25252FJoanna%2525252BKrupa&source=iu&pf=m&fir=HiQcobIJ-thLVM%253A%252CZlSULo2Ka3cVhM%252C_&usg=__WoP6H4-rpLu_G7HmaSo6Uhq4e3I%3D&ved=0ahUKEwi4momn27jLAhVKEywKHZ_CCWMQyjcINQ&ei=osTiVrjBBcqmsAGfhaeYBg#imgdii=HiQcobIJ-thLVM%3A%3BHiQcobIJ-thLVM%3A%3BZTg1S9QBldQQpM%3A&imgrc=HiQcobIJ-thLVM%3A
Line: 0
-----------------------
Message: Mixed Content: The page at 'https://www.google.ge/search?q=uygu&biw=800&bih=561&tbm=isch&imgil=HiQcobIJ-thLVM%253A%253BZlSULo2Ka3cVhM%253Bhttp%25253A%25252F%25252Fwww.zimbio.com%25252Fpictures%25252FX2CHilV45qj%25252FJoanna%2525252BKrupa%2525252BRelaxes%2525252BPool%25252FOBpvUyguXSM%25252FJoanna%2525252BKrupa&source=iu&pf=m&fir=HiQcobIJ-thLVM%253A%252CZlSULo2Ka3cVhM%252C_&usg=__WoP6H4-rpLu_G7HmaSo6Uhq4e3I%3D&ved=0ahUKEwi4momn27jLAhVKEywKHZ_CCWMQyjcINQ&ei=osTiVrjBBcqmsAGfhaeYBg#imgdii=HiQcobIJ-thLVM%3A%3BHiQcobIJ-thLVM%3A%3BUghWtBqH8bPuiM%3A&imgrc=HiQcobIJ-thLVM%3A' was loaded over HTTPS, but requested an insecure image 'http://www.protothema.gr/files/1/2014/01/26/joanna-krupa-miami.jpg'. This content should also be served over HTTPS.
Source: https://www.google.ge/search?q=uygu&biw=800&bih=561&tbm=isch&imgil=HiQcobIJ-thLVM%253A%253BZlSULo2Ka3cVhM%253Bhttp%25253A%25252F%25252Fwww.zimbio.com%25252Fpictures%25252FX2CHilV45qj%25252FJoanna%2525252BKrupa%2525252BRelaxes%2525252BPool%25252FOBpvUyguXSM%25252FJoanna%2525252BKrupa&source=iu&pf=m&fir=HiQcobIJ-thLVM%253A%252CZlSULo2Ka3cVhM%252C_&usg=__WoP6H4-rpLu_G7HmaSo6Uhq4e3I%3D&ved=0ahUKEwi4momn27jLAhVKEywKHZ_CCWMQyjcINQ&ei=osTiVrjBBcqmsAGfhaeYBg#imgdii=HiQcobIJ-thLVM%3A%3BHiQcobIJ-thLVM%3A%3BUghWtBqH8bPuiM%3A&imgrc=HiQcobIJ-thLVM%3A
Line: 0
-----------------------
Message: Mixed Content: The page at 'https://www.google.ge/search?q=uygu&biw=800&bih=561&tbm=isch&imgil=HiQcobIJ-thLVM%253A%253BZlSULo2Ka3cVhM%253Bhttp%25253A%25252F%25252Fwww.zimbio.com%25252Fpictures%25252FX2CHilV45qj%25252FJoanna%2525252BKrupa%2525252BRelaxes%2525252BPool%25252FOBpvUyguXSM%25252FJoanna%2525252BKrupa&source=iu&pf=m&fir=HiQcobIJ-thLVM%253A%252CZlSULo2Ka3cVhM%252C_&usg=__WoP6H4-rpLu_G7HmaSo6Uhq4e3I%3D&ved=0ahUKEwi4momn27jLAhVKEywKHZ_CCWMQyjcINQ&ei=osTiVrjBBcqmsAGfhaeYBg#imgdii=HiQcobIJ-thLVM%3A%3BHiQcobIJ-thLVM%3A%3Bl8o0xKI2yG7IVM%3A&imgrc=HiQcobIJ-thLVM%3A' was loaded over HTTPS, but requested an insecure image 'http://www2.pictures.zimbio.com/pc/Joanna+Krupa+wears+red+animal+print+bikini+YGr4ufvt67Nl.jpg'. This content should also be served over HTTPS.
Source: https://www.google.ge/search?q=uygu&biw=800&bih=561&tbm=isch&imgil=HiQcobIJ-thLVM%253A%253BZlSULo2Ka3cVhM%253Bhttp%25253A%25252F%25252Fwww.zimbio.com%25252Fpictures%25252FX2CHilV45qj%25252FJoanna%2525252BKrupa%2525252BRelaxes%2525252BPool%25252FOBpvUyguXSM%25252FJoanna%2525252BKrupa&source=iu&pf=m&fir=HiQcobIJ-thLVM%253A%252CZlSULo2Ka3cVhM%252C_&usg=__WoP6H4-rpLu_G7HmaSo6Uhq4e3I%3D&ved=0ahUKEwi4momn27jLAhVKEywKHZ_CCWMQyjcINQ&ei=osTiVrjBBcqmsAGfhaeYBg#imgdii=HiQcobIJ-thLVM%3A%3BHiQcobIJ-thLVM%3A%3Bl8o0xKI2yG7IVM%3A&imgrc=HiQcobIJ-thLVM%3A
Line: 0
-----------------------
